[2025-11-03T05:56:08.859+0000] {taskinstance.py:1157} INFO - Dependencies all met for dep_context=non-requeueable deps ti=<TaskInstance: phase3_spark_transform_dag.run_spark_transformation manual__2025-11-03T05:56:07.570766+00:00 [queued]>
[2025-11-03T05:56:08.863+0000] {taskinstance.py:1157} INFO - Dependencies all met for dep_context=requeueable deps ti=<TaskInstance: phase3_spark_transform_dag.run_spark_transformation manual__2025-11-03T05:56:07.570766+00:00 [queued]>
[2025-11-03T05:56:08.863+0000] {taskinstance.py:1359} INFO - Starting attempt 1 of 2
[2025-11-03T05:56:08.869+0000] {taskinstance.py:1380} INFO - Executing <Task(BashOperator): run_spark_transformation> on 2025-11-03 05:56:07.570766+00:00
[2025-11-03T05:56:08.873+0000] {standard_task_runner.py:57} INFO - Started process 51 to run task
[2025-11-03T05:56:08.875+0000] {standard_task_runner.py:84} INFO - Running: ['***', 'tasks', 'run', 'phase3_spark_transform_dag', 'run_spark_transformation', 'manual__2025-11-03T05:56:07.570766+00:00', '--job-id', '26', '--raw', '--subdir', 'DAGS_FOLDER/phase3_spark_transform_dag.py', '--cfg-path', '/tmp/tmpxr7ikl_e']
[2025-11-03T05:56:08.876+0000] {standard_task_runner.py:85} INFO - Job 26: Subtask run_spark_transformation
[2025-11-03T05:56:08.911+0000] {task_command.py:415} INFO - Running <TaskInstance: phase3_spark_transform_dag.run_spark_transformation manual__2025-11-03T05:56:07.570766+00:00 [running]> on host 85d439ee6ea4
[2025-11-03T05:56:08.958+0000] {taskinstance.py:1660} INFO - Exporting env vars: AIRFLOW_CTX_DAG_OWNER='***' AIRFLOW_CTX_DAG_ID='phase3_spark_transform_dag' AIRFLOW_CTX_TASK_ID='run_spark_transformation' AIRFLOW_CTX_EXECUTION_DATE='2025-11-03T05:56:07.570766+00:00' AIRFLOW_CTX_TRY_NUMBER='1' AIRFLOW_CTX_DAG_RUN_ID='manual__2025-11-03T05:56:07.570766+00:00'
[2025-11-03T05:56:08.959+0000] {subprocess.py:63} INFO - Tmp dir root location: /tmp
[2025-11-03T05:56:08.960+0000] {subprocess.py:75} INFO - Running command: ['/bin/bash', '-c', 'docker exec mindgraph_spark /opt/spark/bin/spark-submit --master spark://mindgraph_spark:7077 /opt/***/dags/phase3_spark_transform.py']
[2025-11-03T05:56:08.966+0000] {subprocess.py:86} INFO - Output:
[2025-11-03T05:56:09.221+0000] {subprocess.py:93} INFO - /opt/spark/bin/load-spark-env.sh: line 68: ps: command not found
[2025-11-03T05:56:10.817+0000] {subprocess.py:93} INFO - python3: can't open file '/opt/***/dags/phase3_spark_transform.py': [Errno 2] No such file or directory
[2025-11-03T05:56:10.827+0000] {subprocess.py:93} INFO - 25/11/03 05:56:10 INFO ShutdownHookManager: Shutdown hook called
[2025-11-03T05:56:10.829+0000] {subprocess.py:93} INFO - 25/11/03 05:56:10 INFO ShutdownHookManager: Deleting directory /tmp/spark-18fb40a8-3867-4892-bf37-0b8b0c98387a
[2025-11-03T05:56:10.853+0000] {subprocess.py:97} INFO - Command exited with return code 2
[2025-11-03T05:56:10.867+0000] {taskinstance.py:1935} ERROR - Task failed with exception
Traceback (most recent call last):
  File "/home/airflow/.local/lib/python3.8/site-packages/airflow/operators/bash.py", line 210, in execute
    raise AirflowException(
airflow.exceptions.AirflowException: Bash command failed. The command returned a non-zero exit code 2.
[2025-11-03T05:56:10.872+0000] {taskinstance.py:1398} INFO - Marking task as UP_FOR_RETRY. dag_id=phase3_spark_transform_dag, task_id=run_spark_transformation, execution_date=20251103T055607, start_date=20251103T055608, end_date=20251103T055610
[2025-11-03T05:56:10.894+0000] {standard_task_runner.py:104} ERROR - Failed to execute job 26 for task run_spark_transformation (Bash command failed. The command returned a non-zero exit code 2.; 51)
[2025-11-03T05:56:10.905+0000] {local_task_job_runner.py:228} INFO - Task exited with return code 1
[2025-11-03T05:56:10.926+0000] {taskinstance.py:2776} INFO - 0 downstream tasks scheduled from follow-on schedule check
