[2025-11-03T06:01:11.731+0000] {taskinstance.py:1157} INFO - Dependencies all met for dep_context=non-requeueable deps ti=<TaskInstance: phase3_spark_transform_dag.run_spark_transformation manual__2025-11-03T05:56:07.570766+00:00 [queued]>
[2025-11-03T06:01:11.735+0000] {taskinstance.py:1157} INFO - Dependencies all met for dep_context=requeueable deps ti=<TaskInstance: phase3_spark_transform_dag.run_spark_transformation manual__2025-11-03T05:56:07.570766+00:00 [queued]>
[2025-11-03T06:01:11.735+0000] {taskinstance.py:1359} INFO - Starting attempt 2 of 2
[2025-11-03T06:01:11.742+0000] {taskinstance.py:1380} INFO - Executing <Task(BashOperator): run_spark_transformation> on 2025-11-03 05:56:07.570766+00:00
[2025-11-03T06:01:11.746+0000] {standard_task_runner.py:57} INFO - Started process 64 to run task
[2025-11-03T06:01:11.753+0000] {standard_task_runner.py:84} INFO - Running: ['***', 'tasks', 'run', 'phase3_spark_transform_dag', 'run_spark_transformation', 'manual__2025-11-03T05:56:07.570766+00:00', '--job-id', '27', '--raw', '--subdir', 'DAGS_FOLDER/phase3_spark_dag.py', '--cfg-path', '/tmp/tmp7__t0ckm']
[2025-11-03T06:01:11.755+0000] {standard_task_runner.py:85} INFO - Job 27: Subtask run_spark_transformation
[2025-11-03T06:01:11.791+0000] {task_command.py:415} INFO - Running <TaskInstance: phase3_spark_transform_dag.run_spark_transformation manual__2025-11-03T05:56:07.570766+00:00 [running]> on host 85d439ee6ea4
[2025-11-03T06:01:11.827+0000] {taskinstance.py:1660} INFO - Exporting env vars: AIRFLOW_CTX_DAG_OWNER='***' AIRFLOW_CTX_DAG_ID='phase3_spark_transform_dag' AIRFLOW_CTX_TASK_ID='run_spark_transformation' AIRFLOW_CTX_EXECUTION_DATE='2025-11-03T05:56:07.570766+00:00' AIRFLOW_CTX_TRY_NUMBER='2' AIRFLOW_CTX_DAG_RUN_ID='manual__2025-11-03T05:56:07.570766+00:00'
[2025-11-03T06:01:11.828+0000] {subprocess.py:63} INFO - Tmp dir root location: /tmp
[2025-11-03T06:01:11.829+0000] {subprocess.py:75} INFO - Running command: ['/bin/bash', '-c', 'spark-submit --master spark://mindgraph_spark:7077 /opt/***/dags/phase3_spark_transform.py']
[2025-11-03T06:01:11.836+0000] {subprocess.py:86} INFO - Output:
[2025-11-03T06:01:11.842+0000] {subprocess.py:93} INFO - /bin/bash: line 1: spark-submit: command not found
[2025-11-03T06:01:11.844+0000] {subprocess.py:97} INFO - Command exited with return code 127
[2025-11-03T06:01:11.850+0000] {taskinstance.py:1935} ERROR - Task failed with exception
Traceback (most recent call last):
  File "/home/airflow/.local/lib/python3.8/site-packages/airflow/operators/bash.py", line 210, in execute
    raise AirflowException(
airflow.exceptions.AirflowException: Bash command failed. The command returned a non-zero exit code 127.
[2025-11-03T06:01:11.853+0000] {taskinstance.py:1398} INFO - Marking task as FAILED. dag_id=phase3_spark_transform_dag, task_id=run_spark_transformation, execution_date=20251103T055607, start_date=20251103T060111, end_date=20251103T060111
[2025-11-03T06:01:11.858+0000] {standard_task_runner.py:104} ERROR - Failed to execute job 27 for task run_spark_transformation (Bash command failed. The command returned a non-zero exit code 127.; 64)
[2025-11-03T06:01:11.896+0000] {local_task_job_runner.py:228} INFO - Task exited with return code 1
[2025-11-03T06:01:11.905+0000] {taskinstance.py:2776} INFO - 0 downstream tasks scheduled from follow-on schedule check
