[2025-11-02T17:15:34.945+0000] {taskinstance.py:1157} INFO - Dependencies all met for dep_context=non-requeueable deps ti=<TaskInstance: phase3_spark_transform_dag.run_spark_transformation manual__2025-11-02T17:15:34.372143+00:00 [queued]>
[2025-11-02T17:15:34.950+0000] {taskinstance.py:1157} INFO - Dependencies all met for dep_context=requeueable deps ti=<TaskInstance: phase3_spark_transform_dag.run_spark_transformation manual__2025-11-02T17:15:34.372143+00:00 [queued]>
[2025-11-02T17:15:34.950+0000] {taskinstance.py:1359} INFO - Starting attempt 1 of 2
[2025-11-02T17:15:34.956+0000] {taskinstance.py:1380} INFO - Executing <Task(BashOperator): run_spark_transformation> on 2025-11-02 17:15:34.372143+00:00
[2025-11-02T17:15:34.961+0000] {standard_task_runner.py:57} INFO - Started process 90 to run task
[2025-11-02T17:15:34.963+0000] {standard_task_runner.py:84} INFO - Running: ['***', 'tasks', 'run', 'phase3_spark_transform_dag', 'run_spark_transformation', 'manual__2025-11-02T17:15:34.372143+00:00', '--job-id', '9', '--raw', '--subdir', 'DAGS_FOLDER/phase3_spark_dag.py', '--cfg-path', '/tmp/tmpy5tjzwp5']
[2025-11-02T17:15:34.964+0000] {standard_task_runner.py:85} INFO - Job 9: Subtask run_spark_transformation
[2025-11-02T17:15:34.991+0000] {task_command.py:415} INFO - Running <TaskInstance: phase3_spark_transform_dag.run_spark_transformation manual__2025-11-02T17:15:34.372143+00:00 [running]> on host 4104d610d1a3
[2025-11-02T17:15:35.025+0000] {taskinstance.py:1660} INFO - Exporting env vars: AIRFLOW_CTX_DAG_OWNER='***' AIRFLOW_CTX_DAG_ID='phase3_spark_transform_dag' AIRFLOW_CTX_TASK_ID='run_spark_transformation' AIRFLOW_CTX_EXECUTION_DATE='2025-11-02T17:15:34.372143+00:00' AIRFLOW_CTX_TRY_NUMBER='1' AIRFLOW_CTX_DAG_RUN_ID='manual__2025-11-02T17:15:34.372143+00:00'
[2025-11-02T17:15:35.026+0000] {subprocess.py:63} INFO - Tmp dir root location: /tmp
[2025-11-02T17:15:35.026+0000] {subprocess.py:75} INFO - Running command: ['/bin/bash', '-c', 'spark-submit --master spark://mindgraph_spark:7077 /opt/***/dags/phase3_spark_transform.py']
[2025-11-02T17:15:35.032+0000] {subprocess.py:86} INFO - Output:
[2025-11-02T17:15:35.035+0000] {subprocess.py:93} INFO - /bin/bash: line 1: spark-submit: command not found
[2025-11-02T17:15:35.035+0000] {subprocess.py:97} INFO - Command exited with return code 127
[2025-11-02T17:15:35.041+0000] {taskinstance.py:1935} ERROR - Task failed with exception
Traceback (most recent call last):
  File "/home/airflow/.local/lib/python3.8/site-packages/airflow/operators/bash.py", line 210, in execute
    raise AirflowException(
airflow.exceptions.AirflowException: Bash command failed. The command returned a non-zero exit code 127.
[2025-11-02T17:15:35.043+0000] {taskinstance.py:1398} INFO - Marking task as UP_FOR_RETRY. dag_id=phase3_spark_transform_dag, task_id=run_spark_transformation, execution_date=20251102T171534, start_date=20251102T171534, end_date=20251102T171535
[2025-11-02T17:15:35.049+0000] {standard_task_runner.py:104} ERROR - Failed to execute job 9 for task run_spark_transformation (Bash command failed. The command returned a non-zero exit code 127.; 90)
[2025-11-02T17:15:35.060+0000] {local_task_job_runner.py:228} INFO - Task exited with return code 1
[2025-11-02T17:15:35.069+0000] {taskinstance.py:2776} INFO - 0 downstream tasks scheduled from follow-on schedule check
