[2025-11-03T05:18:41.759+0000] {taskinstance.py:1157} INFO - Dependencies all met for dep_context=non-requeueable deps ti=<TaskInstance: phase3_spark_transform_dag.run_spark_transformation manual__2025-11-03T05:13:38.763882+00:00 [queued]>
[2025-11-03T05:18:41.763+0000] {taskinstance.py:1157} INFO - Dependencies all met for dep_context=requeueable deps ti=<TaskInstance: phase3_spark_transform_dag.run_spark_transformation manual__2025-11-03T05:13:38.763882+00:00 [queued]>
[2025-11-03T05:18:41.764+0000] {taskinstance.py:1359} INFO - Starting attempt 2 of 2
[2025-11-03T05:18:41.769+0000] {taskinstance.py:1380} INFO - Executing <Task(BashOperator): run_spark_transformation> on 2025-11-03 05:13:38.763882+00:00
[2025-11-03T05:18:41.772+0000] {standard_task_runner.py:57} INFO - Started process 81 to run task
[2025-11-03T05:18:41.774+0000] {standard_task_runner.py:84} INFO - Running: ['***', 'tasks', 'run', 'phase3_spark_transform_dag', 'run_spark_transformation', 'manual__2025-11-03T05:13:38.763882+00:00', '--job-id', '24', '--raw', '--subdir', 'DAGS_FOLDER/phase3_spark_transform_dag.py', '--cfg-path', '/tmp/tmp8j28y2dh']
[2025-11-03T05:18:41.775+0000] {standard_task_runner.py:85} INFO - Job 24: Subtask run_spark_transformation
[2025-11-03T05:18:41.799+0000] {task_command.py:415} INFO - Running <TaskInstance: phase3_spark_transform_dag.run_spark_transformation manual__2025-11-03T05:13:38.763882+00:00 [running]> on host 84cc32589c79
[2025-11-03T05:18:41.830+0000] {taskinstance.py:1660} INFO - Exporting env vars: AIRFLOW_CTX_DAG_OWNER='***' AIRFLOW_CTX_DAG_ID='phase3_spark_transform_dag' AIRFLOW_CTX_TASK_ID='run_spark_transformation' AIRFLOW_CTX_EXECUTION_DATE='2025-11-03T05:13:38.763882+00:00' AIRFLOW_CTX_TRY_NUMBER='2' AIRFLOW_CTX_DAG_RUN_ID='manual__2025-11-03T05:13:38.763882+00:00'
[2025-11-03T05:18:41.831+0000] {subprocess.py:63} INFO - Tmp dir root location: /tmp
[2025-11-03T05:18:41.832+0000] {subprocess.py:75} INFO - Running command: ['/bin/bash', '-c', 'docker exec mindgraph_spark /opt/spark/bin/spark-submit --master spark://mindgraph_spark:7077 /opt/***/dags/phase3_spark_transform.py']
[2025-11-03T05:18:41.838+0000] {subprocess.py:86} INFO - Output:
[2025-11-03T05:18:41.920+0000] {subprocess.py:93} INFO - /opt/spark/bin/load-spark-env.sh: line 68: ps: command not found
[2025-11-03T05:18:42.952+0000] {subprocess.py:93} INFO - python3: can't open file '/opt/***/dags/phase3_spark_transform.py': [Errno 2] No such file or directory
[2025-11-03T05:18:42.964+0000] {subprocess.py:93} INFO - 25/11/03 05:18:42 INFO ShutdownHookManager: Shutdown hook called
[2025-11-03T05:18:42.966+0000] {subprocess.py:93} INFO - 25/11/03 05:18:42 INFO ShutdownHookManager: Deleting directory /tmp/spark-ee63e386-d572-4af4-b95c-47b2b5c70152
[2025-11-03T05:18:42.988+0000] {subprocess.py:97} INFO - Command exited with return code 2
[2025-11-03T05:18:43.000+0000] {taskinstance.py:1935} ERROR - Task failed with exception
Traceback (most recent call last):
  File "/home/airflow/.local/lib/python3.8/site-packages/airflow/operators/bash.py", line 210, in execute
    raise AirflowException(
airflow.exceptions.AirflowException: Bash command failed. The command returned a non-zero exit code 2.
[2025-11-03T05:18:43.003+0000] {taskinstance.py:1398} INFO - Marking task as FAILED. dag_id=phase3_spark_transform_dag, task_id=run_spark_transformation, execution_date=20251103T051338, start_date=20251103T051841, end_date=20251103T051843
[2025-11-03T05:18:43.011+0000] {standard_task_runner.py:104} ERROR - Failed to execute job 24 for task run_spark_transformation (Bash command failed. The command returned a non-zero exit code 2.; 81)
[2025-11-03T05:18:43.026+0000] {local_task_job_runner.py:228} INFO - Task exited with return code 1
[2025-11-03T05:18:43.040+0000] {taskinstance.py:2776} INFO - 0 downstream tasks scheduled from follow-on schedule check
