[2025-11-03T06:51:43.752+0000] {taskinstance.py:1157} INFO - Dependencies all met for dep_context=non-requeueable deps ti=<TaskInstance: phase3_spark_transform_dag.run_spark_transformation manual__2025-11-03T06:46:40.969314+00:00 [queued]>
[2025-11-03T06:51:43.756+0000] {taskinstance.py:1157} INFO - Dependencies all met for dep_context=requeueable deps ti=<TaskInstance: phase3_spark_transform_dag.run_spark_transformation manual__2025-11-03T06:46:40.969314+00:00 [queued]>
[2025-11-03T06:51:43.756+0000] {taskinstance.py:1359} INFO - Starting attempt 2 of 2
[2025-11-03T06:51:43.762+0000] {taskinstance.py:1380} INFO - Executing <Task(BashOperator): run_spark_transformation> on 2025-11-03 06:46:40.969314+00:00
[2025-11-03T06:51:43.764+0000] {standard_task_runner.py:57} INFO - Started process 117 to run task
[2025-11-03T06:51:43.766+0000] {standard_task_runner.py:84} INFO - Running: ['***', 'tasks', 'run', 'phase3_spark_transform_dag', 'run_spark_transformation', 'manual__2025-11-03T06:46:40.969314+00:00', '--job-id', '34', '--raw', '--subdir', 'DAGS_FOLDER/phase3_spark_dag.py', '--cfg-path', '/tmp/tmpdihs2e1j']
[2025-11-03T06:51:43.767+0000] {standard_task_runner.py:85} INFO - Job 34: Subtask run_spark_transformation
[2025-11-03T06:51:43.790+0000] {task_command.py:415} INFO - Running <TaskInstance: phase3_spark_transform_dag.run_spark_transformation manual__2025-11-03T06:46:40.969314+00:00 [running]> on host 85d439ee6ea4
[2025-11-03T06:51:43.836+0000] {taskinstance.py:1660} INFO - Exporting env vars: AIRFLOW_CTX_DAG_OWNER='***' AIRFLOW_CTX_DAG_ID='phase3_spark_transform_dag' AIRFLOW_CTX_TASK_ID='run_spark_transformation' AIRFLOW_CTX_EXECUTION_DATE='2025-11-03T06:46:40.969314+00:00' AIRFLOW_CTX_TRY_NUMBER='2' AIRFLOW_CTX_DAG_RUN_ID='manual__2025-11-03T06:46:40.969314+00:00'
[2025-11-03T06:51:43.838+0000] {subprocess.py:63} INFO - Tmp dir root location: /tmp
[2025-11-03T06:51:43.840+0000] {subprocess.py:75} INFO - Running command: ['/bin/bash', '-c', 'docker exec mindgraph_spark /opt/spark/bin/spark-submit /opt/***/dags/phase3_spark_transform.py']
[2025-11-03T06:51:43.847+0000] {subprocess.py:86} INFO - Output:
[2025-11-03T06:51:43.953+0000] {subprocess.py:93} INFO - /opt/spark/bin/load-spark-env.sh: line 68: ps: command not found
[2025-11-03T06:51:44.973+0000] {subprocess.py:93} INFO - python3: can't open file '/opt/***/dags/phase3_spark_transform.py': [Errno 2] No such file or directory
[2025-11-03T06:51:44.984+0000] {subprocess.py:93} INFO - 25/11/03 06:51:44 INFO ShutdownHookManager: Shutdown hook called
[2025-11-03T06:51:44.986+0000] {subprocess.py:93} INFO - 25/11/03 06:51:44 INFO ShutdownHookManager: Deleting directory /tmp/spark-21ee67d0-035f-4772-a364-c15e0953f23e
[2025-11-03T06:51:45.005+0000] {subprocess.py:97} INFO - Command exited with return code 2
[2025-11-03T06:51:45.017+0000] {taskinstance.py:1935} ERROR - Task failed with exception
Traceback (most recent call last):
  File "/home/airflow/.local/lib/python3.8/site-packages/airflow/operators/bash.py", line 210, in execute
    raise AirflowException(
airflow.exceptions.AirflowException: Bash command failed. The command returned a non-zero exit code 2.
[2025-11-03T06:51:45.019+0000] {taskinstance.py:1398} INFO - Marking task as FAILED. dag_id=phase3_spark_transform_dag, task_id=run_spark_transformation, execution_date=20251103T064640, start_date=20251103T065143, end_date=20251103T065145
[2025-11-03T06:51:45.026+0000] {standard_task_runner.py:104} ERROR - Failed to execute job 34 for task run_spark_transformation (Bash command failed. The command returned a non-zero exit code 2.; 117)
[2025-11-03T06:51:45.060+0000] {local_task_job_runner.py:228} INFO - Task exited with return code 1
[2025-11-03T06:51:45.074+0000] {taskinstance.py:2776} INFO - 0 downstream tasks scheduled from follow-on schedule check
