[2025-11-02T14:44:46.605+0000] {taskinstance.py:1157} INFO - Dependencies all met for dep_context=non-requeueable deps ti=<TaskInstance: phase3_spark_transform_dag.run_spark_transformation scheduled__2025-11-01T00:00:00+00:00 [queued]>
[2025-11-02T14:44:46.611+0000] {taskinstance.py:1157} INFO - Dependencies all met for dep_context=requeueable deps ti=<TaskInstance: phase3_spark_transform_dag.run_spark_transformation scheduled__2025-11-01T00:00:00+00:00 [queued]>
[2025-11-02T14:44:46.612+0000] {taskinstance.py:1359} INFO - Starting attempt 1 of 2
[2025-11-02T14:44:46.621+0000] {taskinstance.py:1380} INFO - Executing <Task(BashOperator): run_spark_transformation> on 2025-11-01 00:00:00+00:00
[2025-11-02T14:44:46.625+0000] {standard_task_runner.py:57} INFO - Started process 53 to run task
[2025-11-02T14:44:46.628+0000] {standard_task_runner.py:84} INFO - Running: ['***', 'tasks', 'run', 'phase3_spark_transform_dag', 'run_spark_transformation', 'scheduled__2025-11-01T00:00:00+00:00', '--job-id', '3', '--raw', '--subdir', 'DAGS_FOLDER/phase3_spark_dag.py', '--cfg-path', '/tmp/tmpylt5817b']
[2025-11-02T14:44:46.629+0000] {standard_task_runner.py:85} INFO - Job 3: Subtask run_spark_transformation
[2025-11-02T14:44:46.671+0000] {task_command.py:415} INFO - Running <TaskInstance: phase3_spark_transform_dag.run_spark_transformation scheduled__2025-11-01T00:00:00+00:00 [running]> on host 6da986bf105a
[2025-11-02T14:44:46.719+0000] {taskinstance.py:1660} INFO - Exporting env vars: AIRFLOW_CTX_DAG_OWNER='***' AIRFLOW_CTX_DAG_ID='phase3_spark_transform_dag' AIRFLOW_CTX_TASK_ID='run_spark_transformation' AIRFLOW_CTX_EXECUTION_DATE='2025-11-01T00:00:00+00:00' AIRFLOW_CTX_TRY_NUMBER='1' AIRFLOW_CTX_DAG_RUN_ID='scheduled__2025-11-01T00:00:00+00:00'
[2025-11-02T14:44:46.721+0000] {subprocess.py:63} INFO - Tmp dir root location: /tmp
[2025-11-02T14:44:46.721+0000] {subprocess.py:75} INFO - Running command: ['/bin/bash', '-c', 'spark-submit /opt/***/dags/phase3_spark_transform.py']
[2025-11-02T14:44:46.729+0000] {subprocess.py:86} INFO - Output:
[2025-11-02T14:44:46.742+0000] {subprocess.py:93} INFO - /bin/bash: line 1: spark-submit: command not found
[2025-11-02T14:44:46.743+0000] {subprocess.py:97} INFO - Command exited with return code 127
[2025-11-02T14:44:46.750+0000] {taskinstance.py:1935} ERROR - Task failed with exception
Traceback (most recent call last):
  File "/home/airflow/.local/lib/python3.8/site-packages/airflow/operators/bash.py", line 210, in execute
    raise AirflowException(
airflow.exceptions.AirflowException: Bash command failed. The command returned a non-zero exit code 127.
[2025-11-02T14:44:46.752+0000] {taskinstance.py:1398} INFO - Marking task as UP_FOR_RETRY. dag_id=phase3_spark_transform_dag, task_id=run_spark_transformation, execution_date=20251101T000000, start_date=20251102T144446, end_date=20251102T144446
[2025-11-02T14:44:46.771+0000] {standard_task_runner.py:104} ERROR - Failed to execute job 3 for task run_spark_transformation (Bash command failed. The command returned a non-zero exit code 127.; 53)
[2025-11-02T14:44:46.807+0000] {local_task_job_runner.py:228} INFO - Task exited with return code 1
[2025-11-02T14:44:46.819+0000] {taskinstance.py:2776} INFO - 0 downstream tasks scheduled from follow-on schedule check
[2025-11-02T17:09:43.409+0000] {taskinstance.py:1157} INFO - Dependencies all met for dep_context=non-requeueable deps ti=<TaskInstance: phase3_spark_transform_dag.run_spark_transformation scheduled__2025-11-01T00:00:00+00:00 [queued]>
[2025-11-02T17:09:43.412+0000] {taskinstance.py:1157} INFO - Dependencies all met for dep_context=requeueable deps ti=<TaskInstance: phase3_spark_transform_dag.run_spark_transformation scheduled__2025-11-01T00:00:00+00:00 [queued]>
[2025-11-02T17:09:43.413+0000] {taskinstance.py:1359} INFO - Starting attempt 1 of 2
[2025-11-02T17:09:43.418+0000] {taskinstance.py:1380} INFO - Executing <Task(BashOperator): run_spark_transformation> on 2025-11-01 00:00:00+00:00
[2025-11-02T17:09:43.420+0000] {standard_task_runner.py:57} INFO - Started process 54 to run task
[2025-11-02T17:09:43.422+0000] {standard_task_runner.py:84} INFO - Running: ['***', 'tasks', 'run', 'phase3_spark_transform_dag', 'run_spark_transformation', 'scheduled__2025-11-01T00:00:00+00:00', '--job-id', '4', '--raw', '--subdir', 'DAGS_FOLDER/phase3_spark_dag.py', '--cfg-path', '/tmp/tmp5y3xaexz']
[2025-11-02T17:09:43.423+0000] {standard_task_runner.py:85} INFO - Job 4: Subtask run_spark_transformation
[2025-11-02T17:09:43.454+0000] {task_command.py:415} INFO - Running <TaskInstance: phase3_spark_transform_dag.run_spark_transformation scheduled__2025-11-01T00:00:00+00:00 [running]> on host 4104d610d1a3
[2025-11-02T17:09:43.490+0000] {taskinstance.py:1660} INFO - Exporting env vars: AIRFLOW_CTX_DAG_OWNER='***' AIRFLOW_CTX_DAG_ID='phase3_spark_transform_dag' AIRFLOW_CTX_TASK_ID='run_spark_transformation' AIRFLOW_CTX_EXECUTION_DATE='2025-11-01T00:00:00+00:00' AIRFLOW_CTX_TRY_NUMBER='1' AIRFLOW_CTX_DAG_RUN_ID='scheduled__2025-11-01T00:00:00+00:00'
[2025-11-02T17:09:43.491+0000] {subprocess.py:63} INFO - Tmp dir root location: /tmp
[2025-11-02T17:09:43.491+0000] {subprocess.py:75} INFO - Running command: ['/bin/bash', '-c', 'docker exec mindgraph_spark spark-submit /opt/***/dags/phase3_spark_transform.py']
[2025-11-02T17:09:43.497+0000] {subprocess.py:86} INFO - Output:
[2025-11-02T17:09:43.594+0000] {subprocess.py:93} INFO - Cannot connect to the Docker daemon at unix:///var/run/docker.sock. Is the docker daemon running?
[2025-11-02T17:09:43.595+0000] {subprocess.py:97} INFO - Command exited with return code 1
[2025-11-02T17:09:43.602+0000] {taskinstance.py:1935} ERROR - Task failed with exception
Traceback (most recent call last):
  File "/home/airflow/.local/lib/python3.8/site-packages/airflow/operators/bash.py", line 210, in execute
    raise AirflowException(
airflow.exceptions.AirflowException: Bash command failed. The command returned a non-zero exit code 1.
[2025-11-02T17:09:43.604+0000] {taskinstance.py:1398} INFO - Marking task as UP_FOR_RETRY. dag_id=phase3_spark_transform_dag, task_id=run_spark_transformation, execution_date=20251101T000000, start_date=20251102T170943, end_date=20251102T170943
[2025-11-02T17:09:43.610+0000] {standard_task_runner.py:104} ERROR - Failed to execute job 4 for task run_spark_transformation (Bash command failed. The command returned a non-zero exit code 1.; 54)
[2025-11-02T17:09:43.646+0000] {local_task_job_runner.py:228} INFO - Task exited with return code 1
[2025-11-02T17:09:43.655+0000] {taskinstance.py:2776} INFO - 0 downstream tasks scheduled from follow-on schedule check
