[2025-11-02T14:46:47.425+0000] {taskinstance.py:1157} INFO - Dependencies all met for dep_context=non-requeueable deps ti=<TaskInstance: phase3_spark_transform_dag.run_spark_transformation scheduled__2025-11-01T00:00:00+00:00 [queued]>
[2025-11-02T14:46:47.455+0000] {taskinstance.py:1157} INFO - Dependencies all met for dep_context=requeueable deps ti=<TaskInstance: phase3_spark_transform_dag.run_spark_transformation scheduled__2025-11-01T00:00:00+00:00 [queued]>
[2025-11-02T14:46:47.458+0000] {taskinstance.py:1359} INFO - Starting attempt 2 of 2
[2025-11-02T14:46:47.532+0000] {taskinstance.py:1380} INFO - Executing <Task(BashOperator): run_spark_transformation> on 2025-11-01 00:00:00+00:00
[2025-11-02T14:46:47.580+0000] {standard_task_runner.py:57} INFO - Started process 60 to run task
[2025-11-02T14:46:47.614+0000] {standard_task_runner.py:84} INFO - Running: ['***', 'tasks', 'run', 'phase3_spark_transform_dag', 'run_spark_transformation', 'scheduled__2025-11-01T00:00:00+00:00', '--job-id', '5', '--raw', '--subdir', 'DAGS_FOLDER/phase3_spark_dag.py', '--cfg-path', '/tmp/tmp32jelnuz']
[2025-11-02T14:46:47.627+0000] {standard_task_runner.py:85} INFO - Job 5: Subtask run_spark_transformation
[2025-11-02T14:46:47.912+0000] {task_command.py:415} INFO - Running <TaskInstance: phase3_spark_transform_dag.run_spark_transformation scheduled__2025-11-01T00:00:00+00:00 [running]> on host 6da986bf105a
[2025-11-02T14:46:48.001+0000] {taskinstance.py:1660} INFO - Exporting env vars: AIRFLOW_CTX_DAG_OWNER='***' AIRFLOW_CTX_DAG_ID='phase3_spark_transform_dag' AIRFLOW_CTX_TASK_ID='run_spark_transformation' AIRFLOW_CTX_EXECUTION_DATE='2025-11-01T00:00:00+00:00' AIRFLOW_CTX_TRY_NUMBER='2' AIRFLOW_CTX_DAG_RUN_ID='scheduled__2025-11-01T00:00:00+00:00'
[2025-11-02T14:46:48.004+0000] {subprocess.py:63} INFO - Tmp dir root location: /tmp
[2025-11-02T14:46:48.007+0000] {subprocess.py:75} INFO - Running command: ['/bin/bash', '-c', 'spark-submit /opt/***/dags/phase3_spark_transform.py']
[2025-11-02T14:46:48.049+0000] {subprocess.py:86} INFO - Output:
[2025-11-02T14:46:48.066+0000] {subprocess.py:93} INFO - /bin/bash: line 1: spark-submit: command not found
[2025-11-02T14:46:48.067+0000] {subprocess.py:97} INFO - Command exited with return code 127
[2025-11-02T14:46:48.084+0000] {taskinstance.py:1935} ERROR - Task failed with exception
Traceback (most recent call last):
  File "/home/airflow/.local/lib/python3.8/site-packages/airflow/operators/bash.py", line 210, in execute
    raise AirflowException(
airflow.exceptions.AirflowException: Bash command failed. The command returned a non-zero exit code 127.
[2025-11-02T14:46:48.089+0000] {taskinstance.py:1398} INFO - Marking task as FAILED. dag_id=phase3_spark_transform_dag, task_id=run_spark_transformation, execution_date=20251101T000000, start_date=20251102T144647, end_date=20251102T144648
[2025-11-02T14:46:48.098+0000] {standard_task_runner.py:104} ERROR - Failed to execute job 5 for task run_spark_transformation (Bash command failed. The command returned a non-zero exit code 127.; 60)
[2025-11-02T14:46:48.133+0000] {local_task_job_runner.py:228} INFO - Task exited with return code 1
[2025-11-02T14:46:48.166+0000] {taskinstance.py:2776} INFO - 0 downstream tasks scheduled from follow-on schedule check
[2025-11-02T17:11:47.001+0000] {taskinstance.py:1157} INFO - Dependencies all met for dep_context=non-requeueable deps ti=<TaskInstance: phase3_spark_transform_dag.run_spark_transformation scheduled__2025-11-01T00:00:00+00:00 [queued]>
[2025-11-02T17:11:47.006+0000] {taskinstance.py:1157} INFO - Dependencies all met for dep_context=requeueable deps ti=<TaskInstance: phase3_spark_transform_dag.run_spark_transformation scheduled__2025-11-01T00:00:00+00:00 [queued]>
[2025-11-02T17:11:47.006+0000] {taskinstance.py:1359} INFO - Starting attempt 2 of 2
[2025-11-02T17:11:47.026+0000] {taskinstance.py:1380} INFO - Executing <Task(BashOperator): run_spark_transformation> on 2025-11-01 00:00:00+00:00
[2025-11-02T17:11:47.032+0000] {standard_task_runner.py:57} INFO - Started process 67 to run task
[2025-11-02T17:11:47.041+0000] {standard_task_runner.py:84} INFO - Running: ['***', 'tasks', 'run', 'phase3_spark_transform_dag', 'run_spark_transformation', 'scheduled__2025-11-01T00:00:00+00:00', '--job-id', '5', '--raw', '--subdir', 'DAGS_FOLDER/phase3_spark_dag.py', '--cfg-path', '/tmp/tmpm8upprb1']
[2025-11-02T17:11:47.043+0000] {standard_task_runner.py:85} INFO - Job 5: Subtask run_spark_transformation
[2025-11-02T17:11:47.103+0000] {task_command.py:415} INFO - Running <TaskInstance: phase3_spark_transform_dag.run_spark_transformation scheduled__2025-11-01T00:00:00+00:00 [running]> on host 4104d610d1a3
[2025-11-02T17:11:47.144+0000] {taskinstance.py:1660} INFO - Exporting env vars: AIRFLOW_CTX_DAG_OWNER='***' AIRFLOW_CTX_DAG_ID='phase3_spark_transform_dag' AIRFLOW_CTX_TASK_ID='run_spark_transformation' AIRFLOW_CTX_EXECUTION_DATE='2025-11-01T00:00:00+00:00' AIRFLOW_CTX_TRY_NUMBER='2' AIRFLOW_CTX_DAG_RUN_ID='scheduled__2025-11-01T00:00:00+00:00'
[2025-11-02T17:11:47.145+0000] {subprocess.py:63} INFO - Tmp dir root location: /tmp
[2025-11-02T17:11:47.146+0000] {subprocess.py:75} INFO - Running command: ['/bin/bash', '-c', 'docker exec mindgraph_spark spark-submit /opt/***/dags/phase3_spark_transform.py']
[2025-11-02T17:11:47.153+0000] {subprocess.py:86} INFO - Output:
[2025-11-02T17:11:47.196+0000] {subprocess.py:93} INFO - Cannot connect to the Docker daemon at unix:///var/run/docker.sock. Is the docker daemon running?
[2025-11-02T17:11:47.197+0000] {subprocess.py:97} INFO - Command exited with return code 1
[2025-11-02T17:11:47.204+0000] {taskinstance.py:1935} ERROR - Task failed with exception
Traceback (most recent call last):
  File "/home/airflow/.local/lib/python3.8/site-packages/airflow/operators/bash.py", line 210, in execute
    raise AirflowException(
airflow.exceptions.AirflowException: Bash command failed. The command returned a non-zero exit code 1.
[2025-11-02T17:11:47.207+0000] {taskinstance.py:1398} INFO - Marking task as FAILED. dag_id=phase3_spark_transform_dag, task_id=run_spark_transformation, execution_date=20251101T000000, start_date=20251102T171147, end_date=20251102T171147
[2025-11-02T17:11:47.213+0000] {standard_task_runner.py:104} ERROR - Failed to execute job 5 for task run_spark_transformation (Bash command failed. The command returned a non-zero exit code 1.; 67)
[2025-11-02T17:11:47.221+0000] {local_task_job_runner.py:228} INFO - Task exited with return code 1
[2025-11-02T17:11:47.233+0000] {taskinstance.py:2776} INFO - 0 downstream tasks scheduled from follow-on schedule check
