[2025-11-03T04:22:56.198+0000] {taskinstance.py:1157} INFO - Dependencies all met for dep_context=non-requeueable deps ti=<TaskInstance: phase3_spark_transform_dag.run_spark_transformation manual__2025-11-03T04:17:53.907153+00:00 [queued]>
[2025-11-03T04:22:56.204+0000] {taskinstance.py:1157} INFO - Dependencies all met for dep_context=requeueable deps ti=<TaskInstance: phase3_spark_transform_dag.run_spark_transformation manual__2025-11-03T04:17:53.907153+00:00 [queued]>
[2025-11-03T04:22:56.204+0000] {taskinstance.py:1359} INFO - Starting attempt 2 of 2
[2025-11-03T04:22:56.211+0000] {taskinstance.py:1380} INFO - Executing <Task(BashOperator): run_spark_transformation> on 2025-11-03 04:17:53.907153+00:00
[2025-11-03T04:22:56.214+0000] {standard_task_runner.py:57} INFO - Started process 55 to run task
[2025-11-03T04:22:56.217+0000] {standard_task_runner.py:84} INFO - Running: ['***', 'tasks', 'run', 'phase3_spark_transform_dag', 'run_spark_transformation', 'manual__2025-11-03T04:17:53.907153+00:00', '--job-id', '22', '--raw', '--subdir', 'DAGS_FOLDER/phase3_spark_transform_dag.py', '--cfg-path', '/tmp/tmpxaqwpfhy']
[2025-11-03T04:22:56.218+0000] {standard_task_runner.py:85} INFO - Job 22: Subtask run_spark_transformation
[2025-11-03T04:22:56.257+0000] {task_command.py:415} INFO - Running <TaskInstance: phase3_spark_transform_dag.run_spark_transformation manual__2025-11-03T04:17:53.907153+00:00 [running]> on host 84cc32589c79
[2025-11-03T04:22:56.298+0000] {taskinstance.py:1660} INFO - Exporting env vars: AIRFLOW_CTX_DAG_OWNER='***' AIRFLOW_CTX_DAG_ID='phase3_spark_transform_dag' AIRFLOW_CTX_TASK_ID='run_spark_transformation' AIRFLOW_CTX_EXECUTION_DATE='2025-11-03T04:17:53.907153+00:00' AIRFLOW_CTX_TRY_NUMBER='2' AIRFLOW_CTX_DAG_RUN_ID='manual__2025-11-03T04:17:53.907153+00:00'
[2025-11-03T04:22:56.299+0000] {subprocess.py:63} INFO - Tmp dir root location: /tmp
[2025-11-03T04:22:56.300+0000] {subprocess.py:75} INFO - Running command: ['/bin/bash', '-c', 'docker exec mindgraph_spark /opt/spark/bin/spark-submit --master spark://mindgraph_spark:7077 /opt/***/dags/phase3_spark_transform.py']
[2025-11-03T04:22:56.306+0000] {subprocess.py:86} INFO - Output:
[2025-11-03T04:22:56.501+0000] {subprocess.py:93} INFO - /opt/spark/bin/load-spark-env.sh: line 68: ps: command not found
[2025-11-03T04:22:58.019+0000] {subprocess.py:93} INFO - python3: can't open file '/opt/***/dags/phase3_spark_transform.py': [Errno 2] No such file or directory
[2025-11-03T04:22:58.039+0000] {subprocess.py:93} INFO - 25/11/03 04:22:58 INFO ShutdownHookManager: Shutdown hook called
[2025-11-03T04:22:58.040+0000] {subprocess.py:93} INFO - 25/11/03 04:22:58 INFO ShutdownHookManager: Deleting directory /tmp/spark-c5b82e1e-942f-4eb3-9e1c-7b186122bf27
[2025-11-03T04:22:58.063+0000] {subprocess.py:97} INFO - Command exited with return code 2
[2025-11-03T04:22:58.074+0000] {taskinstance.py:1935} ERROR - Task failed with exception
Traceback (most recent call last):
  File "/home/airflow/.local/lib/python3.8/site-packages/airflow/operators/bash.py", line 210, in execute
    raise AirflowException(
airflow.exceptions.AirflowException: Bash command failed. The command returned a non-zero exit code 2.
[2025-11-03T04:22:58.078+0000] {taskinstance.py:1398} INFO - Marking task as FAILED. dag_id=phase3_spark_transform_dag, task_id=run_spark_transformation, execution_date=20251103T041753, start_date=20251103T042256, end_date=20251103T042258
[2025-11-03T04:22:58.133+0000] {standard_task_runner.py:104} ERROR - Failed to execute job 22 for task run_spark_transformation (Bash command failed. The command returned a non-zero exit code 2.; 55)
[2025-11-03T04:22:58.159+0000] {local_task_job_runner.py:228} INFO - Task exited with return code 1
[2025-11-03T04:22:58.172+0000] {taskinstance.py:2776} INFO - 0 downstream tasks scheduled from follow-on schedule check
