[2025-11-03T10:43:47.430+0000] {taskinstance.py:1157} INFO - Dependencies all met for dep_context=non-requeueable deps ti=<TaskInstance: phase3_spark_transform_dag.run_spark_transformation manual__2025-11-03T10:43:45.896064+00:00 [queued]>
[2025-11-03T10:43:47.436+0000] {taskinstance.py:1157} INFO - Dependencies all met for dep_context=requeueable deps ti=<TaskInstance: phase3_spark_transform_dag.run_spark_transformation manual__2025-11-03T10:43:45.896064+00:00 [queued]>
[2025-11-03T10:43:47.436+0000] {taskinstance.py:1359} INFO - Starting attempt 1 of 1
[2025-11-03T10:43:47.442+0000] {taskinstance.py:1380} INFO - Executing <Task(BashOperator): run_spark_transformation> on 2025-11-03 10:43:45.896064+00:00
[2025-11-03T10:43:47.445+0000] {standard_task_runner.py:57} INFO - Started process 183 to run task
[2025-11-03T10:43:47.447+0000] {standard_task_runner.py:84} INFO - Running: ['***', 'tasks', 'run', 'phase3_spark_transform_dag', 'run_spark_transformation', 'manual__2025-11-03T10:43:45.896064+00:00', '--job-id', '19', '--raw', '--subdir', 'DAGS_FOLDER/phase3_1_spark_transformed_dag.py', '--cfg-path', '/tmp/tmpwcttbcyw']
[2025-11-03T10:43:47.449+0000] {standard_task_runner.py:85} INFO - Job 19: Subtask run_spark_transformation
[2025-11-03T10:43:47.462+0000] {logging_mixin.py:151} WARNING - /home/***/.local/lib/python3.8/site-packages/***/settings.py:195 DeprecationWarning: The sql_alchemy_conn option in [core] has been moved to the sql_alchemy_conn option in [database] - the old setting has been used, but please update your config.
[2025-11-03T10:43:47.486+0000] {task_command.py:415} INFO - Running <TaskInstance: phase3_spark_transform_dag.run_spark_transformation manual__2025-11-03T10:43:45.896064+00:00 [running]> on host 9467fc091968
[2025-11-03T10:43:47.538+0000] {taskinstance.py:1660} INFO - Exporting env vars: AIRFLOW_CTX_DAG_OWNER='***' AIRFLOW_CTX_DAG_ID='phase3_spark_transform_dag' AIRFLOW_CTX_TASK_ID='run_spark_transformation' AIRFLOW_CTX_EXECUTION_DATE='2025-11-03T10:43:45.896064+00:00' AIRFLOW_CTX_TRY_NUMBER='1' AIRFLOW_CTX_DAG_RUN_ID='manual__2025-11-03T10:43:45.896064+00:00'
[2025-11-03T10:43:47.539+0000] {subprocess.py:63} INFO - Tmp dir root location: /tmp
[2025-11-03T10:43:47.539+0000] {subprocess.py:75} INFO - Running command: ['/bin/bash', '-c', 'docker exec mindgraph_spark spark-submit /opt/***/dags/phase3_1_spark_transform.py']
[2025-11-03T10:43:47.545+0000] {subprocess.py:86} INFO - Output:
[2025-11-03T10:43:47.659+0000] {subprocess.py:93} INFO - Cannot connect to the Docker daemon at unix:///var/run/docker.sock. Is the docker daemon running?
[2025-11-03T10:43:47.660+0000] {subprocess.py:97} INFO - Command exited with return code 1
[2025-11-03T10:43:47.667+0000] {taskinstance.py:1935} ERROR - Task failed with exception
Traceback (most recent call last):
  File "/home/airflow/.local/lib/python3.8/site-packages/airflow/operators/bash.py", line 210, in execute
    raise AirflowException(
airflow.exceptions.AirflowException: Bash command failed. The command returned a non-zero exit code 1.
[2025-11-03T10:43:47.669+0000] {taskinstance.py:1398} INFO - Marking task as FAILED. dag_id=phase3_spark_transform_dag, task_id=run_spark_transformation, execution_date=20251103T104345, start_date=20251103T104347, end_date=20251103T104347
[2025-11-03T10:43:47.677+0000] {standard_task_runner.py:104} ERROR - Failed to execute job 19 for task run_spark_transformation (Bash command failed. The command returned a non-zero exit code 1.; 183)
[2025-11-03T10:43:47.711+0000] {local_task_job_runner.py:228} INFO - Task exited with return code 1
[2025-11-03T10:43:47.720+0000] {taskinstance.py:2776} INFO - 0 downstream tasks scheduled from follow-on schedule check
