[2025-11-03T10:18:52.160+0000] {taskinstance.py:1157} INFO - Dependencies all met for dep_context=non-requeueable deps ti=<TaskInstance: extract_fastapi_dag.extract_fastapi_data scheduled__2025-11-02T00:00:00+00:00 [queued]>
[2025-11-03T10:18:52.167+0000] {taskinstance.py:1157} INFO - Dependencies all met for dep_context=requeueable deps ti=<TaskInstance: extract_fastapi_dag.extract_fastapi_data scheduled__2025-11-02T00:00:00+00:00 [queued]>
[2025-11-03T10:18:52.168+0000] {taskinstance.py:1359} INFO - Starting attempt 2 of 2
[2025-11-03T10:18:52.178+0000] {taskinstance.py:1380} INFO - Executing <Task(PythonOperator): extract_fastapi_data> on 2025-11-02 00:00:00+00:00
[2025-11-03T10:18:52.181+0000] {standard_task_runner.py:57} INFO - Started process 625 to run task
[2025-11-03T10:18:52.184+0000] {standard_task_runner.py:84} INFO - Running: ['***', 'tasks', 'run', 'extract_fastapi_dag', 'extract_fastapi_data', 'scheduled__2025-11-02T00:00:00+00:00', '--job-id', '13', '--raw', '--subdir', 'DAGS_FOLDER/extract_fastapi_dag.py', '--cfg-path', '/tmp/tmplts93auj']
[2025-11-03T10:18:52.186+0000] {standard_task_runner.py:85} INFO - Job 13: Subtask extract_fastapi_data
[2025-11-03T10:18:52.201+0000] {logging_mixin.py:151} WARNING - /home/***/.local/lib/python3.8/site-packages/***/settings.py:195 DeprecationWarning: The sql_alchemy_conn option in [core] has been moved to the sql_alchemy_conn option in [database] - the old setting has been used, but please update your config.
[2025-11-03T10:18:52.232+0000] {task_command.py:415} INFO - Running <TaskInstance: extract_fastapi_dag.extract_fastapi_data scheduled__2025-11-02T00:00:00+00:00 [running]> on host 77cd180a6c78
[2025-11-03T10:18:52.285+0000] {taskinstance.py:1660} INFO - Exporting env vars: AIRFLOW_CTX_DAG_OWNER='***' AIRFLOW_CTX_DAG_ID='extract_fastapi_dag' AIRFLOW_CTX_TASK_ID='extract_fastapi_data' AIRFLOW_CTX_EXECUTION_DATE='2025-11-02T00:00:00+00:00' AIRFLOW_CTX_TRY_NUMBER='2' AIRFLOW_CTX_DAG_RUN_ID='scheduled__2025-11-02T00:00:00+00:00'
[2025-11-03T10:18:52.292+0000] {logging_mixin.py:151} INFO -  Failed to extract data from FastAPI: HTTPConnectionPool(host='fastapi', port=8000): Max retries exceeded with url: /data/full (Caused by NewConnectionError('<urllib3.connection.HTTPConnection object at 0xffff83cf2760>: Failed to establish a new connection: [Errno -2] Name or service not known'))
[2025-11-03T10:18:52.292+0000] {taskinstance.py:1935} ERROR - Task failed with exception
Traceback (most recent call last):
  File "/home/airflow/.local/lib/python3.8/site-packages/urllib3/connection.py", line 174, in _new_conn
    conn = connection.create_connection(
  File "/home/airflow/.local/lib/python3.8/site-packages/urllib3/util/connection.py", line 72, in create_connection
    for res in socket.getaddrinfo(host, port, family, socket.SOCK_STREAM):
  File "/usr/local/lib/python3.8/socket.py", line 918, in getaddrinfo
    for res in _socket.getaddrinfo(host, port, family, type, proto, flags):
socket.gaierror: [Errno -2] Name or service not known

During handling of the above exception, another exception occurred:

Traceback (most recent call last):
  File "/home/airflow/.local/lib/python3.8/site-packages/urllib3/connectionpool.py", line 714, in urlopen
    httplib_response = self._make_request(
  File "/home/airflow/.local/lib/python3.8/site-packages/urllib3/connectionpool.py", line 415, in _make_request
    conn.request(method, url, **httplib_request_kw)
  File "/home/airflow/.local/lib/python3.8/site-packages/urllib3/connection.py", line 244, in request
    super(HTTPConnection, self).request(method, url, body=body, headers=headers)
  File "/usr/local/lib/python3.8/http/client.py", line 1256, in request
    self._send_request(method, url, body, headers, encode_chunked)
  File "/usr/local/lib/python3.8/http/client.py", line 1302, in _send_request
    self.endheaders(body, encode_chunked=encode_chunked)
  File "/usr/local/lib/python3.8/http/client.py", line 1251, in endheaders
    self._send_output(message_body, encode_chunked=encode_chunked)
  File "/usr/local/lib/python3.8/http/client.py", line 1011, in _send_output
    self.send(msg)
  File "/usr/local/lib/python3.8/http/client.py", line 951, in send
    self.connect()
  File "/home/airflow/.local/lib/python3.8/site-packages/urllib3/connection.py", line 205, in connect
    conn = self._new_conn()
  File "/home/airflow/.local/lib/python3.8/site-packages/urllib3/connection.py", line 186, in _new_conn
    raise NewConnectionError(
urllib3.exceptions.NewConnectionError: <urllib3.connection.HTTPConnection object at 0xffff83cf2760>: Failed to establish a new connection: [Errno -2] Name or service not known

During handling of the above exception, another exception occurred:

Traceback (most recent call last):
  File "/home/airflow/.local/lib/python3.8/site-packages/requests/adapters.py", line 486, in send
    resp = conn.urlopen(
  File "/home/airflow/.local/lib/python3.8/site-packages/urllib3/connectionpool.py", line 798, in urlopen
    retries = retries.increment(
  File "/home/airflow/.local/lib/python3.8/site-packages/urllib3/util/retry.py", line 592, in increment
    raise MaxRetryError(_pool, url, error or ResponseError(cause))
urllib3.exceptions.MaxRetryError: HTTPConnectionPool(host='fastapi', port=8000): Max retries exceeded with url: /data/full (Caused by NewConnectionError('<urllib3.connection.HTTPConnection object at 0xffff83cf2760>: Failed to establish a new connection: [Errno -2] Name or service not known'))

During handling of the above exception, another exception occurred:

Traceback (most recent call last):
  File "/home/airflow/.local/lib/python3.8/site-packages/airflow/operators/python.py", line 192, in execute
    return_value = self.execute_callable()
  File "/home/airflow/.local/lib/python3.8/site-packages/airflow/operators/python.py", line 209, in execute_callable
    return self.python_callable(*self.op_args, **self.op_kwargs)
  File "/opt/airflow/dags/extract_fastapi_dag.py", line 19, in extract_data
    response = requests.get(url, timeout=15)
  File "/home/airflow/.local/lib/python3.8/site-packages/requests/api.py", line 73, in get
    return request("get", url, params=params, **kwargs)
  File "/home/airflow/.local/lib/python3.8/site-packages/requests/api.py", line 59, in request
    return session.request(method=method, url=url, **kwargs)
  File "/home/airflow/.local/lib/python3.8/site-packages/requests/sessions.py", line 589, in request
    resp = self.send(prep, **send_kwargs)
  File "/home/airflow/.local/lib/python3.8/site-packages/requests/sessions.py", line 703, in send
    r = adapter.send(request, **kwargs)
  File "/home/airflow/.local/lib/python3.8/site-packages/requests/adapters.py", line 519, in send
    raise ConnectionError(e, request=request)
requests.exceptions.ConnectionError: HTTPConnectionPool(host='fastapi', port=8000): Max retries exceeded with url: /data/full (Caused by NewConnectionError('<urllib3.connection.HTTPConnection object at 0xffff83cf2760>: Failed to establish a new connection: [Errno -2] Name or service not known'))
[2025-11-03T10:18:52.299+0000] {taskinstance.py:1398} INFO - Marking task as FAILED. dag_id=extract_fastapi_dag, task_id=extract_fastapi_data, execution_date=20251102T000000, start_date=20251103T101852, end_date=20251103T101852
[2025-11-03T10:18:52.304+0000] {standard_task_runner.py:104} ERROR - Failed to execute job 13 for task extract_fastapi_data (HTTPConnectionPool(host='fastapi', port=8000): Max retries exceeded with url: /data/full (Caused by NewConnectionError('<urllib3.connection.HTTPConnection object at 0xffff83cf2760>: Failed to establish a new connection: [Errno -2] Name or service not known')); 625)
[2025-11-03T10:18:52.322+0000] {local_task_job_runner.py:228} INFO - Task exited with return code 1
[2025-11-03T10:18:52.334+0000] {taskinstance.py:2776} INFO - 0 downstream tasks scheduled from follow-on schedule check
