[2025-11-02T14:46:47.425+0000] {taskinstance.py:1157} INFO - Dependencies all met for dep_context=non-requeueable deps ti=<TaskInstance: phase3_spark_transform_dag.run_spark_transformation manual__2025-11-02T14:44:45.434705+00:00 [queued]>
[2025-11-02T14:46:47.455+0000] {taskinstance.py:1157} INFO - Dependencies all met for dep_context=requeueable deps ti=<TaskInstance: phase3_spark_transform_dag.run_spark_transformation manual__2025-11-02T14:44:45.434705+00:00 [queued]>
[2025-11-02T14:46:47.456+0000] {taskinstance.py:1359} INFO - Starting attempt 2 of 2
[2025-11-02T14:46:47.527+0000] {taskinstance.py:1380} INFO - Executing <Task(BashOperator): run_spark_transformation> on 2025-11-02 14:44:45.434705+00:00
[2025-11-02T14:46:47.581+0000] {standard_task_runner.py:57} INFO - Started process 59 to run task
[2025-11-02T14:46:47.620+0000] {standard_task_runner.py:84} INFO - Running: ['***', 'tasks', 'run', 'phase3_spark_transform_dag', 'run_spark_transformation', 'manual__2025-11-02T14:44:45.434705+00:00', '--job-id', '4', '--raw', '--subdir', 'DAGS_FOLDER/phase3_spark_dag.py', '--cfg-path', '/tmp/tmp6cq6_jkp']
[2025-11-02T14:46:47.634+0000] {standard_task_runner.py:85} INFO - Job 4: Subtask run_spark_transformation
[2025-11-02T14:46:47.898+0000] {task_command.py:415} INFO - Running <TaskInstance: phase3_spark_transform_dag.run_spark_transformation manual__2025-11-02T14:44:45.434705+00:00 [running]> on host 6da986bf105a
[2025-11-02T14:46:48.001+0000] {taskinstance.py:1660} INFO - Exporting env vars: AIRFLOW_CTX_DAG_OWNER='***' AIRFLOW_CTX_DAG_ID='phase3_spark_transform_dag' AIRFLOW_CTX_TASK_ID='run_spark_transformation' AIRFLOW_CTX_EXECUTION_DATE='2025-11-02T14:44:45.434705+00:00' AIRFLOW_CTX_TRY_NUMBER='2' AIRFLOW_CTX_DAG_RUN_ID='manual__2025-11-02T14:44:45.434705+00:00'
[2025-11-02T14:46:48.004+0000] {subprocess.py:63} INFO - Tmp dir root location: /tmp
[2025-11-02T14:46:48.007+0000] {subprocess.py:75} INFO - Running command: ['/bin/bash', '-c', 'spark-submit /opt/***/dags/phase3_spark_transform.py']
[2025-11-02T14:46:48.048+0000] {subprocess.py:86} INFO - Output:
[2025-11-02T14:46:48.066+0000] {subprocess.py:93} INFO - /bin/bash: line 1: spark-submit: command not found
[2025-11-02T14:46:48.067+0000] {subprocess.py:97} INFO - Command exited with return code 127
[2025-11-02T14:46:48.084+0000] {taskinstance.py:1935} ERROR - Task failed with exception
Traceback (most recent call last):
  File "/home/airflow/.local/lib/python3.8/site-packages/airflow/operators/bash.py", line 210, in execute
    raise AirflowException(
airflow.exceptions.AirflowException: Bash command failed. The command returned a non-zero exit code 127.
[2025-11-02T14:46:48.089+0000] {taskinstance.py:1398} INFO - Marking task as FAILED. dag_id=phase3_spark_transform_dag, task_id=run_spark_transformation, execution_date=20251102T144445, start_date=20251102T144647, end_date=20251102T144648
[2025-11-02T14:46:48.098+0000] {standard_task_runner.py:104} ERROR - Failed to execute job 4 for task run_spark_transformation (Bash command failed. The command returned a non-zero exit code 127.; 59)
[2025-11-02T14:46:48.133+0000] {local_task_job_runner.py:228} INFO - Task exited with return code 1
[2025-11-02T14:46:48.164+0000] {taskinstance.py:2776} INFO - 0 downstream tasks scheduled from follow-on schedule check
