[2025-11-03T06:47:33.880+0000] {taskinstance.py:1157} INFO - Dependencies all met for dep_context=non-requeueable deps ti=<TaskInstance: phase3_spark_transform_dag.run_spark_transformation manual__2025-11-03T06:47:33.385479+00:00 [queued]>
[2025-11-03T06:47:33.884+0000] {taskinstance.py:1157} INFO - Dependencies all met for dep_context=requeueable deps ti=<TaskInstance: phase3_spark_transform_dag.run_spark_transformation manual__2025-11-03T06:47:33.385479+00:00 [queued]>
[2025-11-03T06:47:33.884+0000] {taskinstance.py:1359} INFO - Starting attempt 1 of 2
[2025-11-03T06:47:33.890+0000] {taskinstance.py:1380} INFO - Executing <Task(BashOperator): run_spark_transformation> on 2025-11-03 06:47:33.385479+00:00
[2025-11-03T06:47:33.892+0000] {standard_task_runner.py:57} INFO - Started process 92 to run task
[2025-11-03T06:47:33.895+0000] {standard_task_runner.py:84} INFO - Running: ['***', 'tasks', 'run', 'phase3_spark_transform_dag', 'run_spark_transformation', 'manual__2025-11-03T06:47:33.385479+00:00', '--job-id', '32', '--raw', '--subdir', 'DAGS_FOLDER/phase3_spark_dag.py', '--cfg-path', '/tmp/tmpo5o7zlyw']
[2025-11-03T06:47:33.896+0000] {standard_task_runner.py:85} INFO - Job 32: Subtask run_spark_transformation
[2025-11-03T06:47:33.920+0000] {task_command.py:415} INFO - Running <TaskInstance: phase3_spark_transform_dag.run_spark_transformation manual__2025-11-03T06:47:33.385479+00:00 [running]> on host 85d439ee6ea4
[2025-11-03T06:47:33.967+0000] {taskinstance.py:1660} INFO - Exporting env vars: AIRFLOW_CTX_DAG_OWNER='***' AIRFLOW_CTX_DAG_ID='phase3_spark_transform_dag' AIRFLOW_CTX_TASK_ID='run_spark_transformation' AIRFLOW_CTX_EXECUTION_DATE='2025-11-03T06:47:33.385479+00:00' AIRFLOW_CTX_TRY_NUMBER='1' AIRFLOW_CTX_DAG_RUN_ID='manual__2025-11-03T06:47:33.385479+00:00'
[2025-11-03T06:47:33.968+0000] {subprocess.py:63} INFO - Tmp dir root location: /tmp
[2025-11-03T06:47:33.968+0000] {subprocess.py:75} INFO - Running command: ['/bin/bash', '-c', 'docker exec mindgraph_spark /opt/spark/bin/spark-submit /opt/***/dags/phase3_spark_transform.py']
[2025-11-03T06:47:33.974+0000] {subprocess.py:86} INFO - Output:
[2025-11-03T06:47:34.056+0000] {subprocess.py:93} INFO - /opt/spark/bin/load-spark-env.sh: line 68: ps: command not found
[2025-11-03T06:47:35.159+0000] {subprocess.py:93} INFO - python3: can't open file '/opt/***/dags/phase3_spark_transform.py': [Errno 2] No such file or directory
[2025-11-03T06:47:35.171+0000] {subprocess.py:93} INFO - 25/11/03 06:47:35 INFO ShutdownHookManager: Shutdown hook called
[2025-11-03T06:47:35.173+0000] {subprocess.py:93} INFO - 25/11/03 06:47:35 INFO ShutdownHookManager: Deleting directory /tmp/spark-ee6d22eb-d985-448a-98bf-fe5b3fa162e1
[2025-11-03T06:47:35.211+0000] {subprocess.py:97} INFO - Command exited with return code 2
[2025-11-03T06:47:35.229+0000] {taskinstance.py:1935} ERROR - Task failed with exception
Traceback (most recent call last):
  File "/home/airflow/.local/lib/python3.8/site-packages/airflow/operators/bash.py", line 210, in execute
    raise AirflowException(
airflow.exceptions.AirflowException: Bash command failed. The command returned a non-zero exit code 2.
[2025-11-03T06:47:35.232+0000] {taskinstance.py:1398} INFO - Marking task as UP_FOR_RETRY. dag_id=phase3_spark_transform_dag, task_id=run_spark_transformation, execution_date=20251103T064733, start_date=20251103T064733, end_date=20251103T064735
[2025-11-03T06:47:35.243+0000] {standard_task_runner.py:104} ERROR - Failed to execute job 32 for task run_spark_transformation (Bash command failed. The command returned a non-zero exit code 2.; 92)
[2025-11-03T06:47:35.267+0000] {local_task_job_runner.py:228} INFO - Task exited with return code 1
[2025-11-03T06:47:35.279+0000] {taskinstance.py:2776} INFO - 0 downstream tasks scheduled from follow-on schedule check
