[2025-11-02T19:12:17.684+0000] {taskinstance.py:1157} INFO - Dependencies all met for dep_context=non-requeueable deps ti=<TaskInstance: phase3_spark_transform_dag.run_spark_transformation manual__2025-11-02T19:12:16.631013+00:00 [queued]>
[2025-11-02T19:12:17.691+0000] {taskinstance.py:1157} INFO - Dependencies all met for dep_context=requeueable deps ti=<TaskInstance: phase3_spark_transform_dag.run_spark_transformation manual__2025-11-02T19:12:16.631013+00:00 [queued]>
[2025-11-02T19:12:17.692+0000] {taskinstance.py:1359} INFO - Starting attempt 1 of 2
[2025-11-02T19:12:17.703+0000] {taskinstance.py:1380} INFO - Executing <Task(BashOperator): run_spark_transformation> on 2025-11-02 19:12:16.631013+00:00
[2025-11-02T19:12:17.710+0000] {standard_task_runner.py:57} INFO - Started process 51 to run task
[2025-11-02T19:12:17.719+0000] {standard_task_runner.py:84} INFO - Running: ['***', 'tasks', 'run', 'phase3_spark_transform_dag', 'run_spark_transformation', 'manual__2025-11-02T19:12:16.631013+00:00', '--job-id', '18', '--raw', '--subdir', 'DAGS_FOLDER/phase3_spark_transform_dag.py', '--cfg-path', '/tmp/tmpucxi8ib7']
[2025-11-02T19:12:17.721+0000] {standard_task_runner.py:85} INFO - Job 18: Subtask run_spark_transformation
[2025-11-02T19:12:17.766+0000] {task_command.py:415} INFO - Running <TaskInstance: phase3_spark_transform_dag.run_spark_transformation manual__2025-11-02T19:12:16.631013+00:00 [running]> on host 574c108eda1b
[2025-11-02T19:12:17.819+0000] {taskinstance.py:1660} INFO - Exporting env vars: AIRFLOW_CTX_DAG_OWNER='***' AIRFLOW_CTX_DAG_ID='phase3_spark_transform_dag' AIRFLOW_CTX_TASK_ID='run_spark_transformation' AIRFLOW_CTX_EXECUTION_DATE='2025-11-02T19:12:16.631013+00:00' AIRFLOW_CTX_TRY_NUMBER='1' AIRFLOW_CTX_DAG_RUN_ID='manual__2025-11-02T19:12:16.631013+00:00'
[2025-11-02T19:12:17.820+0000] {subprocess.py:63} INFO - Tmp dir root location: /tmp
[2025-11-02T19:12:17.821+0000] {subprocess.py:75} INFO - Running command: ['/bin/bash', '-c', 'docker exec mindgraph_spark /opt/spark/bin/spark-submit --master spark://mindgraph_spark:7077 /opt/***/dags/phase3_spark_transform.py']
[2025-11-02T19:12:17.831+0000] {subprocess.py:86} INFO - Output:
[2025-11-02T19:12:18.156+0000] {subprocess.py:93} INFO - /opt/spark/bin/load-spark-env.sh: line 68: ps: command not found
[2025-11-02T19:12:19.985+0000] {subprocess.py:93} INFO - python3: can't open file '/opt/***/dags/phase3_spark_transform.py': [Errno 2] No such file or directory
[2025-11-02T19:12:19.997+0000] {subprocess.py:93} INFO - 25/11/02 19:12:19 INFO ShutdownHookManager: Shutdown hook called
[2025-11-02T19:12:20.002+0000] {subprocess.py:93} INFO - 25/11/02 19:12:19 INFO ShutdownHookManager: Deleting directory /tmp/spark-18ca904e-af55-419b-9683-6bb8561ab883
[2025-11-02T19:12:20.034+0000] {subprocess.py:97} INFO - Command exited with return code 2
[2025-11-02T19:12:20.057+0000] {taskinstance.py:1935} ERROR - Task failed with exception
Traceback (most recent call last):
  File "/home/airflow/.local/lib/python3.8/site-packages/airflow/operators/bash.py", line 210, in execute
    raise AirflowException(
airflow.exceptions.AirflowException: Bash command failed. The command returned a non-zero exit code 2.
[2025-11-02T19:12:20.064+0000] {taskinstance.py:1398} INFO - Marking task as UP_FOR_RETRY. dag_id=phase3_spark_transform_dag, task_id=run_spark_transformation, execution_date=20251102T191216, start_date=20251102T191217, end_date=20251102T191220
[2025-11-02T19:12:20.078+0000] {standard_task_runner.py:104} ERROR - Failed to execute job 18 for task run_spark_transformation (Bash command failed. The command returned a non-zero exit code 2.; 51)
[2025-11-02T19:12:20.125+0000] {local_task_job_runner.py:228} INFO - Task exited with return code 1
[2025-11-02T19:12:20.147+0000] {taskinstance.py:2776} INFO - 0 downstream tasks scheduled from follow-on schedule check
